{"time":"2026-07-03T17:42:59.6128725+08:00","level":"INFO","msg":"网关配置服务启动","mod":"main","addr":":8080","url":"http://localhost:8080"}
{"time":"2026-07-03T17:43:07.7587416+08:00","level":"INFO","msg":"HTTP","mod":"http","method":"GET","path":"/","status":200,"bytes":48270,"elapsed":"72.4039ms"}
{"time":"2026-07-03T17:43:07.7832594+08:00","level":"INFO","msg":"HTTP","mod":"http","method":"GET","path":"/js/constants.js","status":200,"bytes":3567,"elapsed":"0s"}
{"time":"2026-07-03T17:43:07.784784+08:00","level":"INFO","msg":"HTTP","mod":"http","method":"GET","path":"/css/app.css","status":200,"bytes":14961,"elapsed":"0s"}
{"time":"2026-07-03T17:43:07.7871337+08:00","level":"INFO","msg":"HTTP","mod":"http","method":"GET","path":"/js/helpers.js","status":200,"bytes":1853,"elapsed":"0s"}
{"time":"2026-07-03T17:43:07.7871337+08:00","level":"INFO","msg":"HTTP","mod":"http","method":"GET","path":"/js/model.js","status":200,"bytes":26454,"elapsed":"0s"}
{"time":"2026-07-03T17:43:07.7882317+08:00","level":"INFO","msg":"HTTP","mod":"http","method":"GET","path":"/js/log.js","status":200,"bytes":1688,"elapsed":"578.5µs"}
{"time":"2026-07-03T17:43:07.7882317+08:00","level":"INFO","msg":"HTTP","mod":"http","method":"GET","path":"/js/api.js","status":200,"bytes":3137,"elapsed":"519.5µs"}
{"time":"2026-07-03T17:43:07.7888763+08:00","level":"INFO","msg":"HTTP","mod":"http","method":"GET","path":"/js/channel.js","status":200,"bytes":17692,"elapsed":"0s"}
{"time":"2026-07-03T17:43:07.7914142+08:00","level":"INFO","msg":"HTTP","mod":"http","method":"GET","path":"/js/main.js","status":200,"bytes":925,"elapsed":"0s"}
{"time":"2026-07-03T17:43:07.7914142+08:00","level":"INFO","msg":"HTTP","mod":"http","method":"GET","path":"/js/realtime.js","status":200,"bytes":4266,"elapsed":"0s"}
{"time":"2026-07-03T17:43:07.8938351+08:00","level":"INFO","msg":"HTTP","mod":"http","method":"GET","path":"/api/models","status":200,"bytes":953,"elapsed":"505.2µs"}
{"time":"2026-07-03T17:43:07.9124842+08:00","level":"INFO","msg":"HTTP","mod":"http","method":"GET","path":"/api/hardware","status":200,"bytes":256,"elapsed":"0s"}
{"time":"2026-07-03T17:43:07.9284969+08:00","level":"INFO","msg":"HTTP","mod":"http","method":"GET","path":"/api/channels","status":200,"bytes":5120,"elapsed":"506.8µs"}
{"time":"2026-07-03T17:44:49.1526813+08:00","level":"INFO","msg":"正在关闭服务…","mod":"main"}
{"time":"2026-07-03T17:44:49.1531869+08:00","level":"INFO","msg":"服务已关闭","mod":"main"}
{"time":"2026-07-06T10:27:55.1969661+08:00","level":"INFO","msg":"网关配置服务启动","mod":"main","addr":":8080","url":"http://localhost:8080"}
{"time":"2026-07-06T10:28:08.5204036+08:00","level":"INFO","msg":"HTTP","mod":"http","method":"GET","path":"/","status":200,"bytes":48270,"elapsed":"134.4421ms"}
{"time":"2026-07-06T10:28:08.5644607+08:00","level":"INFO","msg":"HTTP","mod":"http","method":"GET","path":"/css/app.css","status":200,"bytes":14961,"elapsed":"577.2µs"}
{"time":"2026-07-06T10:28:08.5644607+08:00","level":"INFO","msg":"HTTP","mod":"http","method":"GET","path":"/js/constants.js","status":200,"bytes":3567,"elapsed":"577.2µs"}
{"time":"2026-07-06T10:28:08.5661043+08:00","level":"INFO","msg":"HTTP","mod":"http","method":"GET","path":"/js/helpers.js","status":200,"bytes":1853,"elapsed":"537.9µs"}
{"time":"2026-07-06T10:28:08.5661043+08:00","level":"INFO","msg":"HTTP","mod":"http","method":"GET","path":"/js/model.js","status":200,"bytes":26454,"elapsed":"537.9µs"}
{"time":"2026-07-06T10:28:08.5666855+08:00","level":"INFO","msg":"HTTP","mod":"http","method":"GET","path":"/js/channel.js","status":200,"bytes":17692,"elapsed":"1.1191ms"}
{"time":"2026-07-06T10:28:08.5666855+08:00","level":"INFO","msg":"HTTP","mod":"http","method":"GET","path":"/js/api.js","status":200,"bytes":3137,"elapsed":"1.1191ms"}
{"time":"2026-07-06T10:28:08.5715344+08:00","level":"INFO","msg":"HTTP","mod":"http","method":"GET","path":"/js/realtime.js","status":200,"bytes":4266,"elapsed":"0s"}
{"time":"2026-07-06T10:28:08.5720399+08:00","level":"INFO","msg":"HTTP","mod":"http","method":"GET","path":"/js/log.js","status":200,"bytes":1688,"elapsed":"505.5µs"}
{"time":"2026-07-06T10:28:08.5725734+08:00","level":"INFO","msg":"HTTP","mod":"http","method":"GET","path":"/js/main.js","status":200,"bytes":925,"elapsed":"533.4µs"}
{"time":"2026-07-06T10:28:08.688684+08:00","level":"INFO","msg":"HTTP","mod":"http","method":"GET","path":"/api/models","status":200,"bytes":953,"elapsed":"742.8µs"}
{"time":"2026-07-06T10:28:08.6892186+08:00","level":"INFO","msg":"HTTP","mod":"http","method":"GET","path":"/api/hardware","status":200,"bytes":256,"elapsed":"1.2774ms"}
{"time":"2026-07-06T10:28:08.7516995+08:00","level":"INFO","msg":"HTTP","mod":"http","method":"GET","path":"/api/channels","status":200,"bytes":5120,"elapsed":"702µs"}
{"time":"2026-07-06T10:28:08.8078246+08:00","level":"INFO","msg":"HTTP","mod":"http","method":"GET","path":"/favicon.ico","status":404,"bytes":19,"elapsed":"0s"}
{"time":"2026-07-06T14:56:33.8295183+08:00","level":"INFO","msg":"HTTP","mod":"http","method":"GET","path":"/","status":200,"bytes":48270,"elapsed":"0s"}
{"time":"2026-07-06T14:56:33.8790352+08:00","level":"INFO","msg":"HTTP","mod":"http","method":"GET","path":"/css/app.css","status":200,"bytes":14961,"elapsed":"505.1µs"}
{"time":"2026-07-06T14:56:33.8864064+08:00","level":"INFO","msg":"HTTP","mod":"http","method":"GET","path":"/js/constants.js","status":200,"bytes":3567,"elapsed":"0s"}
{"time":"2026-07-06T14:56:33.9159099+08:00","level":"INFO","msg":"HTTP","mod":"http","method":"GET","path":"/js/helpers.js","status":200,"bytes":1853,"elapsed":"0s"}
{"time":"2026-07-06T14:56:33.9200982+08:00","level":"INFO","msg":"HTTP","mod":"http","method":"GET","path":"/js/model.js","status":200,"bytes":26454,"elapsed":"1.1164ms"}
{"time":"2026-07-06T14:56:33.9248501+08:00","level":"INFO","msg":"HTTP","mod":"http","method":"GET","path":"/js/api.js","status":200,"bytes":3137,"elapsed":"506.8µs"}
{"time":"2026-07-06T14:56:33.9282956+08:00","level":"INFO","msg":"HTTP","mod":"http","method":"GET","path":"/js/channel.js","status":200,"bytes":17692,"elapsed":"504.9µs"}
{"time":"2026-07-06T14:56:33.9384997+08:00","level":"INFO","msg":"HTTP","mod":"http","method":"GET","path":"/js/realtime.js","status":200,"bytes":4266,"elapsed":"0s"}
{"time":"2026-07-06T14:56:33.9605217+08:00","level":"INFO","msg":"HTTP","mod":"http","method":"GET","path":"/js/log.js","status":200,"bytes":1688,"elapsed":"0s"}
{"time":"2026-07-06T14:56:33.9647934+08:00","level":"INFO","msg":"HTTP","mod":"http","method":"GET","path":"/js/main.js","status":200,"bytes":925,"elapsed":"713.1µs"}
{"time":"2026-07-06T14:56:35.7519715+08:00","level":"INFO","msg":"HTTP","mod":"http","method":"GET","path":"/api/hardware","status":200,"bytes":256,"elapsed":"1.6337ms"}
{"time":"2026-07-06T14:56:35.753572+08:00","level":"INFO","msg":"HTTP","mod":"http","method":"GET","path":"/api/models","status":200,"bytes":953,"elapsed":"4.8345ms"}
{"time":"2026-07-06T14:56:35.8162309+08:00","level":"INFO","msg":"HTTP","mod":"http","method":"GET","path":"/favicon.ico","status":404,"bytes":19,"elapsed":"0s"}
{"time":"2026-07-06T14:56:35.8167889+08:00","level":"INFO","msg":"HTTP","mod":"http","method":"GET","path":"/api/channels","status":200,"bytes":5120,"elapsed":"1.6146ms"}
{"time":"2026-07-06T15:44:02.8970519+08:00","level":"INFO","msg":"正在关闭服务…","mod":"main"}
{"time":"2026-07-06T15:44:02.8991856+08:00","level":"INFO","msg":"服务已关闭","mod":"main"}
{"time":"2026-07-06T15:44:07.402213+08:00","level":"INFO","msg":"网关配置服务启动","mod":"main","addr":":8080","url":"http://localhost:8080"}
{"time":"2026-07-06T15:44:16.0248656+08:00","level":"INFO","msg":"HTTP","mod":"http","method":"GET","path":"/","status":200,"bytes":47824,"elapsed":"86.2754ms"}
{"time":"2026-07-06T15:44:16.0418877+08:00","level":"INFO","msg":"HTTP","mod":"http","method":"GET","path":"/css/app.css","status":200,"bytes":14961,"elapsed":"505.8µs"}
{"time":"2026-07-06T15:44:16.0424807+08:00","level":"INFO","msg":"HTTP","mod":"http","method":"GET","path":"/js/helpers.js","status":200,"bytes":1853,"elapsed":"593µs"}
{"time":"2026-07-06T15:44:16.0465068+08:00","level":"INFO","msg":"HTTP","mod":"http","method":"GET","path":"/js/constants.js","status":200,"bytes":3445,"elapsed":"0s"}
{"time":"2026-07-06T15:44:16.0485344+08:00","level":"INFO","msg":"HTTP","mod":"http","method":"GET","path":"/js/model.js","status":200,"bytes":25976,"elapsed":"0s"}
{"time":"2026-07-06T15:44:16.049085+08:00","level":"INFO","msg":"HTTP","mod":"http","method":"GET","path":"/js/api.js","status":200,"bytes":3137,"elapsed":"550.6µs"}
{"time":"2026-07-06T15:44:16.049085+08:00","level":"INFO","msg":"HTTP","mod":"http","method":"GET","path":"/js/channel.js","status":200,"bytes":17692,"elapsed":"0s"}
{"time":"2026-07-06T15:44:16.0503145+08:00","level":"INFO","msg":"HTTP","mod":"http","method":"GET","path":"/js/realtime.js","status":200,"bytes":4140,"elapsed":"517.1µs"}
{"time":"2026-07-06T15:44:16.0519144+08:00","level":"INFO","msg":"HTTP","mod":"http","method":"GET","path":"/js/log.js","status":200,"bytes":1688,"elapsed":"0s"}
{"time":"2026-07-06T15:44:16.0525508+08:00","level":"INFO","msg":"HTTP","mod":"http","method":"GET","path":"/js/main.js","status":200,"bytes":925,"elapsed":"0s"}
{"time":"2026-07-06T15:44:16.0919256+08:00","level":"INFO","msg":"HTTP","mod":"http","method":"GET","path":"/api/models","status":200,"bytes":953,"elapsed":"506.3µs"}
{"time":"2026-07-06T15:44:16.0942738+08:00","level":"INFO","msg":"HTTP","mod":"http","method":"GET","path":"/api/hardware","status":200,"bytes":256,"elapsed":"505.9µs"}
{"time":"2026-07-06T15:44:16.1743605+08:00","level":"INFO","msg":"HTTP","mod":"http","method":"GET","path":"/api/channels","status":200,"bytes":5120,"elapsed":"1.7498ms"}
{"time":"2026-07-06T15:49:27.5495783+08:00","level":"INFO","msg":"正在关闭服务…","mod":"main"}
{"time":"2026-07-06T15:49:27.5500872+08:00","level":"INFO","msg":"服务已关闭","mod":"main"}
{"time":"2026-07-06T15:49:31.2484627+08:00","level":"INFO","msg":"网关配置服务启动","mod":"main","addr":":8080","url":"http://localhost:8080"}
{"time":"2026-07-06T15:49:33.6151797+08:00","level":"INFO","msg":"HTTP","mod":"http","method":"GET","path":"/","status":200,"bytes":47819,"elapsed":"73.3603ms"}
{"time":"2026-07-06T15:49:33.6587766+08:00","level":"INFO","msg":"HTTP","mod":"http","method":"GET","path":"/css/app.css","status":200,"bytes":14961,"elapsed":"503.9µs"}
{"time":"2026-07-06T15:49:33.6587766+08:00","level":"INFO","msg":"HTTP","mod":"http","method":"GET","path":"/js/constants.js","status":200,"bytes":3445,"elapsed":"503.9µs"}
{"time":"2026-07-06T15:49:33.6596381+08:00","level":"INFO","msg":"HTTP","mod":"http","method":"GET","path":"/js/helpers.js","status":200,"bytes":1853,"elapsed":"0s"}
{"time":"2026-07-06T15:49:33.6601429+08:00","level":"INFO","msg":"HTTP","mod":"http","method":"GET","path":"/js/model.js","status":200,"bytes":25976,"elapsed":"504.8µs"}
{"time":"2026-07-06T15:49:33.661762+08:00","level":"INFO","msg":"HTTP","mod":"http","method":"GET","path":"/js/channel.js","status":200,"bytes":17692,"elapsed":"1.0801ms"}
{"time":"2026-07-06T15:49:33.661762+08:00","level":"INFO","msg":"HTTP","mod":"http","method":"GET","path":"/js/api.js","status":200,"bytes":3137,"elapsed":"1.6191ms"}
{"time":"2026-07-06T15:49:33.6737043+08:00","level":"INFO","msg":"HTTP","mod":"http","method":"GET","path":"/js/realtime.js","status":200,"bytes":4140,"elapsed":"506.2µs"}
{"time":"2026-07-06T15:49:33.6742799+08:00","level":"INFO","msg":"HTTP","mod":"http","method":"GET","path":"/js/log.js","status":200,"bytes":1688,"elapsed":"0s"}
{"time":"2026-07-06T15:49:33.6749549+08:00","level":"INFO","msg":"HTTP","mod":"http","method":"GET","path":"/js/main.js","status":200,"bytes":925,"elapsed":"0s"}
{"time":"2026-07-06T15:49:33.7282305+08:00","level":"INFO","msg":"HTTP","mod":"http","method":"GET","path":"/api/hardware","status":200,"bytes":256,"elapsed":"0s"}
{"time":"2026-07-06T15:49:33.7287434+08:00","level":"INFO","msg":"HTTP","mod":"http","method":"GET","path":"/api/models","status":200,"bytes":953,"elapsed":"512.9µs"}
{"time":"2026-07-06T15:49:33.7537568+08:00","level":"INFO","msg":"HTTP","mod":"http","method":"GET","path":"/api/channels","status":200,"bytes":5120,"elapsed":"1.0459ms"}
{"time":"2026-07-06T15:49:44.8279894+08:00","level":"INFO","msg":"正在关闭服务…","mod":"main"}
{"time":"2026-07-06T15:49:44.8284964+08:00","level":"INFO","msg":"服务已关闭","mod":"main"}
{"time":"2026-07-06T15:49:47.8415089+08:00","level":"INFO","msg":"网关配置服务启动","mod":"main","addr":":8080","url":"http://localhost:8080"}
{"time":"2026-07-06T15:49:50.5808654+08:00","level":"INFO","msg":"HTTP","mod":"http","method":"GET","path":"/","status":200,"bytes":47818,"elapsed":"70.1462ms"}
{"time":"2026-07-06T15:49:50.6002802+08:00","level":"INFO","msg":"HTTP","mod":"http","method":"GET","path":"/css/app.css","status":200,"bytes":14961,"elapsed":"0s"}
{"time":"2026-07-06T15:49:50.6018841+08:00","level":"INFO","msg":"HTTP","mod":"http","method":"GET","path":"/js/constants.js","status":200,"bytes":3445,"elapsed":"507.1µs"}
{"time":"2026-07-06T15:49:50.6071562+08:00","level":"INFO","msg":"HTTP","mod":"http","method":"GET","path":"/js/api.js","status":200,"bytes":3137,"elapsed":"760.7µs"}
{"time":"2026-07-06T15:49:50.6106761+08:00","level":"INFO","msg":"HTTP","mod":"http","method":"GET","path":"/js/helpers.js","status":200,"bytes":1853,"elapsed":"595.1µs"}
{"time":"2026-07-06T15:49:50.6106761+08:00","level":"INFO","msg":"HTTP","mod":"http","method":"GET","path":"/js/channel.js","status":200,"bytes":17692,"elapsed":"3.0134ms"}
{"time":"2026-07-06T15:49:50.6106761+08:00","level":"INFO","msg":"HTTP","mod":"http","method":"GET","path":"/js/model.js","status":200,"bytes":25976,"elapsed":"595.1µs"}
{"time":"2026-07-06T15:49:50.6114369+08:00","level":"INFO","msg":"HTTP","mod":"http","method":"GET","path":"/js/realtime.js","status":200,"bytes":4140,"elapsed":"0s"}
{"time":"2026-07-06T15:49:50.6114369+08:00","level":"INFO","msg":"HTTP","mod":"http","method":"GET","path":"/js/log.js","status":200,"bytes":1688,"elapsed":"0s"}
{"time":"2026-07-06T15:49:50.6180185+08:00","level":"INFO","msg":"HTTP","mod":"http","method":"GET","path":"/js/main.js","status":200,"bytes":925,"elapsed":"635.3µs"}
{"time":"2026-07-06T15:49:50.6393521+08:00","level":"INFO","msg":"HTTP","mod":"http","method":"GET","path":"/api/hardware","status":200,"bytes":256,"elapsed":"507.8µs"}
{"time":"2026-07-06T15:49:50.6393521+08:00","level":"INFO","msg":"HTTP","mod":"http","method":"GET","path":"/api/models","status":200,"bytes":953,"elapsed":"507.8µs"}
{"time":"2026-07-06T15:49:50.6521488+08:00","level":"INFO","msg":"HTTP","mod":"http","method":"GET","path":"/api/channels","status":200,"bytes":5120,"elapsed":"1.2769ms"}
{"time":"2026-07-06T15:50:10.0202273+08:00","level":"INFO","msg":"正在关闭服务…","mod":"main"}
{"time":"2026-07-06T15:50:10.0213222+08:00","level":"INFO","msg":"服务已关闭","mod":"main"}
{"time":"2026-07-06T15:50:13.1335153+08:00","level":"INFO","msg":"网关配置服务启动","mod":"main","addr":":8080","url":"http://localhost:8080"}
{"time":"2026-07-06T15:50:16.1530371+08:00","level":"INFO","msg":"HTTP","mod":"http","method":"GET","path":"/","status":200,"bytes":47823,"elapsed":"75.3197ms"}
{"time":"2026-07-06T15:50:16.1743946+08:00","level":"INFO","msg":"HTTP","mod":"http","method":"GET","path":"/css/app.css","status":200,"bytes":14961,"elapsed":"507.3µs"}
{"time":"2026-07-06T15:50:16.1749356+08:00","level":"INFO","msg":"HTTP","mod":"http","method":"GET","path":"/js/constants.js","status":200,"bytes":3445,"elapsed":"541µs"}
{"time":"2026-07-06T15:50:16.1760172+08:00","level":"INFO","msg":"HTTP","mod":"http","method":"GET","path":"/js/helpers.js","status":200,"bytes":1853,"elapsed":"545.7µs"}
{"time":"2026-07-06T15:50:16.1766419+08:00","level":"INFO","msg":"HTTP","mod":"http","method":"GET","path":"/js/model.js","status":200,"bytes":25976,"elapsed":"1.1704ms"}
{"time":"2026-07-06T15:50:16.1797477+08:00","level":"INFO","msg":"HTTP","mod":"http","method":"GET","path":"/js/channel.js","status":200,"bytes":17692,"elapsed":"3.7305ms"}
{"time":"2026-07-06T15:50:16.1812624+08:00","level":"INFO","msg":"HTTP","mod":"http","method":"GET","path":"/js/main.js","status":200,"bytes":925,"elapsed":"0s"}
{"time":"2026-07-06T15:50:16.1812624+08:00","level":"INFO","msg":"HTTP","mod":"http","method":"GET","path":"/js/log.js","status":200,"bytes":1688,"elapsed":"0s"}
{"time":"2026-07-06T15:50:16.1781552+08:00","level":"INFO","msg":"HTTP","mod":"http","method":"GET","path":"/js/api.js","status":200,"bytes":3137,"elapsed":"2.138ms"}
{"time":"2026-07-06T15:50:16.1851551+08:00","level":"INFO","msg":"HTTP","mod":"http","method":"GET","path":"/js/realtime.js","status":200,"bytes":4140,"elapsed":"5.4073ms"}
{"time":"2026-07-06T15:50:16.2189275+08:00","level":"INFO","msg":"HTTP","mod":"http","method":"GET","path":"/api/models","status":200,"bytes":953,"elapsed":"504.6µs"}
{"time":"2026-07-06T15:50:16.2239002+08:00","level":"INFO","msg":"HTTP","mod":"http","method":"GET","path":"/api/hardware","status":200,"bytes":256,"elapsed":"660.5µs"}
{"time":"2026-07-06T15:50:16.2309693+08:00","level":"INFO","msg":"HTTP","mod":"http","method":"GET","path":"/api/channels","status":200,"bytes":5120,"elapsed":"1.0421ms"}
{"time":"2026-07-06T16:51:46.572607+08:00","level":"INFO","msg":"正在关闭服务…","mod":"main"}
{"time":"2026-07-06T16:51:46.573648+08:00","level":"INFO","msg":"服务已关闭","mod":"main"}
{"time":"2026-07-06T16:51:51.3751042+08:00","level":"INFO","msg":"网关配置服务启动","mod":"main","addr":":8080","url":"http://localhost:8080"}
{"time":"2026-07-06T16:51:57.2022918+08:00","level":"INFO","msg":"正在关闭服务…","mod":"main"}
{"time":"2026-07-06T16:51:57.2022918+08:00","level":"INFO","msg":"服务已关闭","mod":"main"}
